c:\users\s2113132\onedrive - university of edinburgh\idcore\research project\all fast files\openfast v3.4 ifw lidar rosco ipc\vs-build\registry\release\vc142.pdb
c:\users\s2113132\onedrive - university of edinburgh\idcore\research project\all fast files\openfast v3.4 ifw lidar rosco ipc\vs-build\registry\release\type.obj
c:\users\s2113132\onedrive - university of edinburgh\idcore\research project\all fast files\openfast v3.4 ifw lidar rosco ipc\vs-build\registry\release\symtab_gen.obj
c:\users\s2113132\onedrive - university of edinburgh\idcore\research project\all fast files\openfast v3.4 ifw lidar rosco ipc\vs-build\registry\release\sym.obj
c:\users\s2113132\onedrive - university of edinburgh\idcore\research project\all fast files\openfast v3.4 ifw lidar rosco ipc\vs-build\registry\release\reg_parse.obj
c:\users\s2113132\onedrive - university of edinburgh\idcore\research project\all fast files\openfast v3.4 ifw lidar rosco ipc\vs-build\registry\release\registry.obj
c:\users\s2113132\onedrive - university of edinburgh\idcore\research project\all fast files\openfast v3.4 ifw lidar rosco ipc\vs-build\registry\release\my_strtok.obj
c:\users\s2113132\onedrive - university of edinburgh\idcore\research project\all fast files\openfast v3.4 ifw lidar rosco ipc\vs-build\registry\release\misc.obj
c:\users\s2113132\onedrive - university of edinburgh\idcore\research project\all fast files\openfast v3.4 ifw lidar rosco ipc\vs-build\registry\release\gen_module_files.obj
c:\users\s2113132\onedrive - university of edinburgh\idcore\research project\all fast files\openfast v3.4 ifw lidar rosco ipc\vs-build\registry\release\gen_c_types.obj
c:\users\s2113132\onedrive - university of edinburgh\idcore\research project\all fast files\openfast v3.4 ifw lidar rosco ipc\vs-build\registry\release\data.obj
c:\users\s2113132\onedrive - university of edinburgh\idcore\research project\all fast files\openfast v3.4 ifw lidar rosco ipc\build\bin\registry.exe
c:\users\s2113132\onedrive - university of edinburgh\idcore\research project\all fast files\openfast v3.4 ifw lidar rosco ipc\vs-build\registry\release\registry.ipdb
c:\users\s2113132\onedrive - university of edinburgh\idcore\research project\all fast files\openfast v3.4 ifw lidar rosco ipc\vs-build\registry\release\registry.iobj
c:\users\s2113132\onedrive - university of edinburgh\idcore\research project\all fast files\openfast v3.4 ifw lidar rosco ipc\build\bin\registry.pdb
c:\users\s2113132\onedrive - university of edinburgh\idcore\research project\all fast files\openfast v3.4 ifw lidar rosco ipc\vs-build\registry\release\fast_registry.tlog\cl.command.1.tlog
c:\users\s2113132\onedrive - university of edinburgh\idcore\research project\all fast files\openfast v3.4 ifw lidar rosco ipc\vs-build\registry\release\fast_registry.tlog\cl.read.1.tlog
c:\users\s2113132\onedrive - university of edinburgh\idcore\research project\all fast files\openfast v3.4 ifw lidar rosco ipc\vs-build\registry\release\fast_registry.tlog\cl.write.1.tlog
c:\users\s2113132\onedrive - university of edinburgh\idcore\research project\all fast files\openfast v3.4 ifw lidar rosco ipc\vs-build\registry\release\fast_registry.tlog\link.command.1.tlog
c:\users\s2113132\onedrive - university of edinburgh\idcore\research project\all fast files\openfast v3.4 ifw lidar rosco ipc\vs-build\registry\release\fast_registry.tlog\link.read.1.tlog
c:\users\s2113132\onedrive - university of edinburgh\idcore\research project\all fast files\openfast v3.4 ifw lidar rosco ipc\vs-build\registry\release\fast_registry.tlog\link.write.1.tlog
