  Performing Custom Build Tools
  ======================================================================
  
  ----- FAST Registry --------------
  ----------------------------------------------------------
  input file: ..\..\modules\map\src\MAP_Registry.txt
  opening ..\..\modules\nwtc-library\src/Registry_NWTC_Library.txt 
  opening ..\..\modules\map\src/MAP_Fortran_Registry.txt in usefrom mode
  opening ..\..\modules\nwtc-library\src/Registry_NWTC_Library.txt in usefrom mode
  generating ..\..\modules\map\src/MAP_Types.f90
CUSTOMBUILD : Registry warning : derived data type LinInitInp of type lin_initinputtype is not passed through C interface
CUSTOMBUILD : Registry warning : derived data type LinInitInp of type lin_initinputtype is not passed through F-C interface
CUSTOMBUILD : Registry warning : derived data type Ver of type progdesc is not passed through C interface
CUSTOMBUILD : Registry warning : derived data type LinInitOut of type lin_initoutputtype is not passed through C interface
CUSTOMBUILD : Registry warning : derived data type Ver of type progdesc is not passed through F-C interface
CUSTOMBUILD : Registry warning : derived data type LinInitOut of type lin_initoutputtype is not passed through F-C interface
CUSTOMBUILD : Registry warning : derived data type LinParams of type lin_paramtype is not passed through C interface
CUSTOMBUILD : Registry warning : derived data type LinParams of type lin_paramtype is not passed through F-C interface
CUSTOMBUILD : Registry warning : derived data type PtFairDisplacement of type meshtype is not passed through C interface
CUSTOMBUILD : Registry warning : derived data type PtFairDisplacement of type meshtype is not passed through F-C interface
CUSTOMBUILD : Registry warning : derived data type ptFairleadLoad of type meshtype is not passed through C interface
CUSTOMBUILD : Registry warning : derived data type ptFairleadLoad of type meshtype is not passed through F-C interface
  generating ..\..\modules\map\src/MAP_Types.h
  
  ----- FAST Registry --------------
  ----------------------------------------------------------
  input file: ..\..\modules\map\src\MAP_Fortran_Registry.txt
  opening ..\..\modules\nwtc-library\src/Registry_NWTC_Library.txt 
  generating ..\..\modules\map\src/MAP_Fortran_Types.f90
  
  Registry for MAP completed.
   
  ======================================================================
  bstraux.c
  bstrlib.c
  dpmpar.c
  enorm.c
  enorm_u.c
  lmder.c
  lmpar.c
  qrfac.c
  qrsolv.c
  freedata.c
  jacobian.c
  lineroutines.c
  mapapi.c
  maperror.c
  mapinit.c
  numeric.c
  outputstream.c
  residual.c
  simclist.c
  Generating Code...
  lmroutines.cc
  MAP_dll.vcxproj -> C:\Users\s2113132\OneDrive - University of Edinburgh\IDCORE\Research Project\All FAST files\Openfast v3.4 IfW Lidar ROSCO IPC\build\bin\MAP_Win32.lib
